<?xml version="1.0" encoding="UTF-8"?>
<!-- Generated by org.testng.reporters.JUnitXMLReporter -->
<testsuite ignored="1" hostname="DESKTOP-L8VPHJS" failures="0" tests="1" name="ModuleOne(failed)" time="6.028" errors="0" timestamp="2022-10-20T10:26:48 IST">
  <testcase classname="testScripts.GooglePageTest" name="searchSeleniumTest" time="5.989"/>
  <testcase classname="testScripts.GooglePageTest" name="searchJavaTest" time="0.0">
    <ignored/>
  </testcase> <!-- searchJavaTest -->
</testsuite> <!-- ModuleOne(failed) -->
