<?xml version="1.0" encoding="UTF-8"?>
<!-- Generated by org.testng.reporters.JUnitXMLReporter -->
<testsuite ignored="0" hostname="DESKTOP-L8VPHJS" failures="0" tests="4" name="ModuleTwo" time="0.068" errors="0" timestamp="2022-10-21T10:42:58 IST">
  <testcase classname="parallelScripts.SampleTwoTest" name="testFour" time="0.011"/>
  <testcase classname="parallelScripts.SampleTwoTest" name="testOne" time="0.001"/>
  <testcase classname="parallelScripts.SampleTwoTest" name="testThree" time="0.002"/>
  <testcase classname="parallelScripts.SampleTwoTest" name="testTwo" time="0.002"/>
</testsuite> <!-- ModuleTwo -->
